<?xml version="1.0" encoding="UTF-8"?>
<testsuite xmlns:xsi="http://www.w3.org/2001/XMLSchema-instance" xsi:noNamespaceSchemaLocation="https://maven.apache.org/surefire/maven-surefire-plugin/xsd/surefire-test-report.xsd" name="cn.zzy.MainProgramBootApplicationTests" time="1.593" tests="1" errors="0" skipped="0" failures="0">
  <properties>
    <property name="java.specification.version" value="18"/>
    <property name="sun.cpu.isalist" value="amd64"/>
    <property name="sun.jnu.encoding" value="GBK"/>
    <property name="java.class.path" value="D:\2022\0000WorkSpace\main-program\main-program-boot\target\test-classes;D:\2022\0000WorkSpace\main-program\main-program-boot\target\classes;D:\repository\org\springframework\boot\spring-boot-starter-web\2.6.2\spring-boot-starter-web-2.6.2.jar;D:\repository\org\springframework\boot\spring-boot-starter-json\2.6.2\spring-boot-starter-json-2.6.2.jar;D:\repository\com\fasterxml\jackson\core\jackson-databind\2.13.1\jackson-databind-2.13.1.jar;D:\repository\com\fasterxml\jackson\core\jackson-annotations\2.13.1\jackson-annotations-2.13.1.jar;D:\repository\com\fasterxml\jackson\core\jackson-core\2.13.1\jackson-core-2.13.1.jar;D:\repository\com\fasterxml\jackson\datatype\jackson-datatype-jdk8\2.13.1\jackson-datatype-jdk8-2.13.1.jar;D:\repository\com\fasterxml\jackson\datatype\jackson-datatype-jsr310\2.13.1\jackson-datatype-jsr310-2.13.1.jar;D:\repository\com\fasterxml\jackson\module\jackson-module-parameter-names\2.13.1\jackson-module-parameter-names-2.13.1.jar;D:\repository\org\springframework\boot\spring-boot-starter-tomcat\2.6.2\spring-boot-starter-tomcat-2.6.2.jar;D:\repository\org\apache\tomcat\embed\tomcat-embed-core\9.0.56\tomcat-embed-core-9.0.56.jar;D:\repository\org\apache\tomcat\embed\tomcat-embed-el\9.0.56\tomcat-embed-el-9.0.56.jar;D:\repository\org\apache\tomcat\embed\tomcat-embed-websocket\9.0.56\tomcat-embed-websocket-9.0.56.jar;D:\repository\org\springframework\spring-web\5.3.14\spring-web-5.3.14.jar;D:\repository\org\springframework\spring-beans\5.3.14\spring-beans-5.3.14.jar;D:\repository\org\springframework\spring-webmvc\5.3.14\spring-webmvc-5.3.14.jar;D:\repository\org\springframework\spring-aop\5.3.14\spring-aop-5.3.14.jar;D:\repository\org\springframework\spring-context\5.3.14\spring-context-5.3.14.jar;D:\repository\org\springframework\spring-expression\5.3.14\spring-expression-5.3.14.jar;D:\repository\com\mysql\mysql-connector-j\8.0.32\mysql-connector-j-8.0.32.jar;D:\repository\com\google\protobuf\protobuf-java\3.21.9\protobuf-java-3.21.9.jar;D:\repository\org\springframework\boot\spring-boot-starter\2.6.2\spring-boot-starter-2.6.2.jar;D:\repository\org\springframework\boot\spring-boot\2.6.2\spring-boot-2.6.2.jar;D:\repository\org\springframework\boot\spring-boot-autoconfigure\2.6.2\spring-boot-autoconfigure-2.6.2.jar;D:\repository\org\springframework\boot\spring-boot-starter-logging\2.6.2\spring-boot-starter-logging-2.6.2.jar;D:\repository\ch\qos\logback\logback-classic\1.2.9\logback-classic-1.2.9.jar;D:\repository\ch\qos\logback\logback-core\1.2.9\logback-core-1.2.9.jar;D:\repository\org\apache\logging\log4j\log4j-to-slf4j\2.17.0\log4j-to-slf4j-2.17.0.jar;D:\repository\org\apache\logging\log4j\log4j-api\2.17.0\log4j-api-2.17.0.jar;D:\repository\org\slf4j\jul-to-slf4j\1.7.32\jul-to-slf4j-1.7.32.jar;D:\repository\jakarta\annotation\jakarta.annotation-api\1.3.5\jakarta.annotation-api-1.3.5.jar;D:\repository\org\springframework\spring-core\5.3.14\spring-core-5.3.14.jar;D:\repository\org\springframework\spring-jcl\5.3.14\spring-jcl-5.3.14.jar;D:\repository\org\yaml\snakeyaml\1.29\snakeyaml-1.29.jar;D:\repository\org\springframework\boot\spring-boot-starter-test\2.6.2\spring-boot-starter-test-2.6.2.jar;D:\repository\org\springframework\boot\spring-boot-test\2.6.2\spring-boot-test-2.6.2.jar;D:\repository\org\springframework\boot\spring-boot-test-autoconfigure\2.6.2\spring-boot-test-autoconfigure-2.6.2.jar;D:\repository\com\jayway\jsonpath\json-path\2.6.0\json-path-2.6.0.jar;D:\repository\net\minidev\json-smart\2.4.7\json-smart-2.4.7.jar;D:\repository\net\minidev\accessors-smart\2.4.7\accessors-smart-2.4.7.jar;D:\repository\org\ow2\asm\asm\9.1\asm-9.1.jar;D:\repository\org\slf4j\slf4j-api\1.7.32\slf4j-api-1.7.32.jar;D:\repository\jakarta\xml\bind\jakarta.xml.bind-api\2.3.3\jakarta.xml.bind-api-2.3.3.jar;D:\repository\jakarta\activation\jakarta.activation-api\1.2.2\jakarta.activation-api-1.2.2.jar;D:\repository\org\assertj\assertj-core\3.21.0\assertj-core-3.21.0.jar;D:\repository\org\hamcrest\hamcrest\2.2\hamcrest-2.2.jar;D:\repository\org\junit\jupiter\junit-jupiter\5.8.2\junit-jupiter-5.8.2.jar;D:\repository\org\junit\jupiter\junit-jupiter-api\5.8.2\junit-jupiter-api-5.8.2.jar;D:\repository\org\opentest4j\opentest4j\1.2.0\opentest4j-1.2.0.jar;D:\repository\org\junit\platform\junit-platform-commons\1.8.2\junit-platform-commons-1.8.2.jar;D:\repository\org\apiguardian\apiguardian-api\1.1.2\apiguardian-api-1.1.2.jar;D:\repository\org\junit\jupiter\junit-jupiter-params\5.8.2\junit-jupiter-params-5.8.2.jar;D:\repository\org\junit\jupiter\junit-jupiter-engine\5.8.2\junit-jupiter-engine-5.8.2.jar;D:\repository\org\junit\platform\junit-platform-engine\1.8.2\junit-platform-engine-1.8.2.jar;D:\repository\org\mockito\mockito-core\4.0.0\mockito-core-4.0.0.jar;D:\repository\net\bytebuddy\byte-buddy\1.11.22\byte-buddy-1.11.22.jar;D:\repository\net\bytebuddy\byte-buddy-agent\1.11.22\byte-buddy-agent-1.11.22.jar;D:\repository\org\objenesis\objenesis\3.2\objenesis-3.2.jar;D:\repository\org\mockito\mockito-junit-jupiter\4.0.0\mockito-junit-jupiter-4.0.0.jar;D:\repository\org\skyscreamer\jsonassert\1.5.0\jsonassert-1.5.0.jar;D:\repository\com\vaadin\external\google\android-json\0.0.20131108.vaadin1\android-json-0.0.20131108.vaadin1.jar;D:\repository\org\springframework\spring-test\5.3.14\spring-test-5.3.14.jar;D:\repository\org\xmlunit\xmlunit-core\2.8.4\xmlunit-core-2.8.4.jar;"/>
    <property name="java.vm.vendor" value="Oracle Corporation"/>
    <property name="sun.arch.data.model" value="64"/>
    <property name="user.variant" value=""/>
    <property name="java.vendor.url" value="https://java.oracle.com/"/>
    <property name="user.timezone" value="Asia/Shanghai"/>
    <property name="os.name" value="Windows 10"/>
    <property name="java.vm.specification.version" value="18"/>
    <property name="sun.java.launcher" value="SUN_STANDARD"/>
    <property name="user.country" value="CN"/>
    <property name="sun.boot.library.path" value="D:\Java\JDK\bin"/>
    <property name="sun.java.command" value="C:\Users\19716\AppData\Local\Temp\surefire1050710230992645829\surefirebooter4817603245486883253.jar C:\Users\19716\AppData\Local\Temp\surefire1050710230992645829 2023-09-15T20-06-00_108-jvmRun1 surefire2680575181434810858tmp surefire_03873503665390271545tmp"/>
    <property name="jdk.debug" value="release"/>
    <property name="surefire.test.class.path" value="D:\2022\0000WorkSpace\main-program\main-program-boot\target\test-classes;D:\2022\0000WorkSpace\main-program\main-program-boot\target\classes;D:\repository\org\springframework\boot\spring-boot-starter-web\2.6.2\spring-boot-starter-web-2.6.2.jar;D:\repository\org\springframework\boot\spring-boot-starter-json\2.6.2\spring-boot-starter-json-2.6.2.jar;D:\repository\com\fasterxml\jackson\core\jackson-databind\2.13.1\jackson-databind-2.13.1.jar;D:\repository\com\fasterxml\jackson\core\jackson-annotations\2.13.1\jackson-annotations-2.13.1.jar;D:\repository\com\fasterxml\jackson\core\jackson-core\2.13.1\jackson-core-2.13.1.jar;D:\repository\com\fasterxml\jackson\datatype\jackson-datatype-jdk8\2.13.1\jackson-datatype-jdk8-2.13.1.jar;D:\repository\com\fasterxml\jackson\datatype\jackson-datatype-jsr310\2.13.1\jackson-datatype-jsr310-2.13.1.jar;D:\repository\com\fasterxml\jackson\module\jackson-module-parameter-names\2.13.1\jackson-module-parameter-names-2.13.1.jar;D:\repository\org\springframework\boot\spring-boot-starter-tomcat\2.6.2\spring-boot-starter-tomcat-2.6.2.jar;D:\repository\org\apache\tomcat\embed\tomcat-embed-core\9.0.56\tomcat-embed-core-9.0.56.jar;D:\repository\org\apache\tomcat\embed\tomcat-embed-el\9.0.56\tomcat-embed-el-9.0.56.jar;D:\repository\org\apache\tomcat\embed\tomcat-embed-websocket\9.0.56\tomcat-embed-websocket-9.0.56.jar;D:\repository\org\springframework\spring-web\5.3.14\spring-web-5.3.14.jar;D:\repository\org\springframework\spring-beans\5.3.14\spring-beans-5.3.14.jar;D:\repository\org\springframework\spring-webmvc\5.3.14\spring-webmvc-5.3.14.jar;D:\repository\org\springframework\spring-aop\5.3.14\spring-aop-5.3.14.jar;D:\repository\org\springframework\spring-context\5.3.14\spring-context-5.3.14.jar;D:\repository\org\springframework\spring-expression\5.3.14\spring-expression-5.3.14.jar;D:\repository\com\mysql\mysql-connector-j\8.0.32\mysql-connector-j-8.0.32.jar;D:\repository\com\google\protobuf\protobuf-java\3.21.9\protobuf-java-3.21.9.jar;D:\repository\org\springframework\boot\spring-boot-starter\2.6.2\spring-boot-starter-2.6.2.jar;D:\repository\org\springframework\boot\spring-boot\2.6.2\spring-boot-2.6.2.jar;D:\repository\org\springframework\boot\spring-boot-autoconfigure\2.6.2\spring-boot-autoconfigure-2.6.2.jar;D:\repository\org\springframework\boot\spring-boot-starter-logging\2.6.2\spring-boot-starter-logging-2.6.2.jar;D:\repository\ch\qos\logback\logback-classic\1.2.9\logback-classic-1.2.9.jar;D:\repository\ch\qos\logback\logback-core\1.2.9\logback-core-1.2.9.jar;D:\repository\org\apache\logging\log4j\log4j-to-slf4j\2.17.0\log4j-to-slf4j-2.17.0.jar;D:\repository\org\apache\logging\log4j\log4j-api\2.17.0\log4j-api-2.17.0.jar;D:\repository\org\slf4j\jul-to-slf4j\1.7.32\jul-to-slf4j-1.7.32.jar;D:\repository\jakarta\annotation\jakarta.annotation-api\1.3.5\jakarta.annotation-api-1.3.5.jar;D:\repository\org\springframework\spring-core\5.3.14\spring-core-5.3.14.jar;D:\repository\org\springframework\spring-jcl\5.3.14\spring-jcl-5.3.14.jar;D:\repository\org\yaml\snakeyaml\1.29\snakeyaml-1.29.jar;D:\repository\org\springframework\boot\spring-boot-starter-test\2.6.2\spring-boot-starter-test-2.6.2.jar;D:\repository\org\springframework\boot\spring-boot-test\2.6.2\spring-boot-test-2.6.2.jar;D:\repository\org\springframework\boot\spring-boot-test-autoconfigure\2.6.2\spring-boot-test-autoconfigure-2.6.2.jar;D:\repository\com\jayway\jsonpath\json-path\2.6.0\json-path-2.6.0.jar;D:\repository\net\minidev\json-smart\2.4.7\json-smart-2.4.7.jar;D:\repository\net\minidev\accessors-smart\2.4.7\accessors-smart-2.4.7.jar;D:\repository\org\ow2\asm\asm\9.1\asm-9.1.jar;D:\repository\org\slf4j\slf4j-api\1.7.32\slf4j-api-1.7.32.jar;D:\repository\jakarta\xml\bind\jakarta.xml.bind-api\2.3.3\jakarta.xml.bind-api-2.3.3.jar;D:\repository\jakarta\activation\jakarta.activation-api\1.2.2\jakarta.activation-api-1.2.2.jar;D:\repository\org\assertj\assertj-core\3.21.0\assertj-core-3.21.0.jar;D:\repository\org\hamcrest\hamcrest\2.2\hamcrest-2.2.jar;D:\repository\org\junit\jupiter\junit-jupiter\5.8.2\junit-jupiter-5.8.2.jar;D:\repository\org\junit\jupiter\junit-jupiter-api\5.8.2\junit-jupiter-api-5.8.2.jar;D:\repository\org\opentest4j\opentest4j\1.2.0\opentest4j-1.2.0.jar;D:\repository\org\junit\platform\junit-platform-commons\1.8.2\junit-platform-commons-1.8.2.jar;D:\repository\org\apiguardian\apiguardian-api\1.1.2\apiguardian-api-1.1.2.jar;D:\repository\org\junit\jupiter\junit-jupiter-params\5.8.2\junit-jupiter-params-5.8.2.jar;D:\repository\org\junit\jupiter\junit-jupiter-engine\5.8.2\junit-jupiter-engine-5.8.2.jar;D:\repository\org\junit\platform\junit-platform-engine\1.8.2\junit-platform-engine-1.8.2.jar;D:\repository\org\mockito\mockito-core\4.0.0\mockito-core-4.0.0.jar;D:\repository\net\bytebuddy\byte-buddy\1.11.22\byte-buddy-1.11.22.jar;D:\repository\net\bytebuddy\byte-buddy-agent\1.11.22\byte-buddy-agent-1.11.22.jar;D:\repository\org\objenesis\objenesis\3.2\objenesis-3.2.jar;D:\repository\org\mockito\mockito-junit-jupiter\4.0.0\mockito-junit-jupiter-4.0.0.jar;D:\repository\org\skyscreamer\jsonassert\1.5.0\jsonassert-1.5.0.jar;D:\repository\com\vaadin\external\google\android-json\0.0.20131108.vaadin1\android-json-0.0.20131108.vaadin1.jar;D:\repository\org\springframework\spring-test\5.3.14\spring-test-5.3.14.jar;D:\repository\org\xmlunit\xmlunit-core\2.8.4\xmlunit-core-2.8.4.jar;"/>
    <property name="sun.cpu.endian" value="little"/>
    <property name="user.home" value="C:\Users\19716"/>
    <property name="user.language" value="zh"/>
    <property name="java.specification.vendor" value="Oracle Corporation"/>
    <property name="java.version.date" value="2022-04-19"/>
    <property name="java.home" value="D:\Java\JDK"/>
    <property name="file.separator" value="\"/>
    <property name="basedir" value="D:\2022\0000WorkSpace\main-program\main-program-boot"/>
    <property name="java.vm.compressedOopsMode" value="Zero based"/>
    <property name="line.separator" value="&#10;"/>
    <property name="java.vm.specification.vendor" value="Oracle Corporation"/>
    <property name="java.specification.name" value="Java Platform API Specification"/>
    <property name="surefire.real.class.path" value="C:\Users\19716\AppData\Local\Temp\surefire1050710230992645829\surefirebooter4817603245486883253.jar"/>
    <property name="user.script" value=""/>
    <property name="sun.management.compiler" value="HotSpot 64-Bit Tiered Compilers"/>
    <property name="java.runtime.version" value="18.0.1+10-24"/>
    <property name="user.name" value="19716"/>
    <property name="path.separator" value=";"/>
    <property name="os.version" value="10.0"/>
    <property name="java.runtime.name" value="Java(TM) SE Runtime Environment"/>
    <property name="file.encoding" value="UTF-8"/>
    <property name="java.vm.name" value="Java HotSpot(TM) 64-Bit Server VM"/>
    <property name="localRepository" value="D:\repository"/>
    <property name="java.vendor.url.bug" value="https://bugreport.java.com/bugreport/"/>
    <property name="java.io.tmpdir" value="C:\Users\19716\AppData\Local\Temp\"/>
    <property name="idea.version" value="2023.1"/>
    <property name="java.version" value="18.0.1"/>
    <property name="user.dir" value="D:\2022\0000WorkSpace\main-program\main-program-boot"/>
    <property name="os.arch" value="amd64"/>
    <property name="java.vm.specification.name" value="Java Virtual Machine Specification"/>
    <property name="sun.os.patch.level" value=""/>
    <property name="native.encoding" value="GBK"/>
    <property name="java.library.path" value="D:\Java\JDK\bin;C:\Windows\Sun\Java\bin;C:\Windows\system32;C:\Windows;D:\oracle\bin;C:\Program Files\Common Files\Oracle\Java\javapath;C:\Program Files\Microsoft\jdk-11.0.12.7-hotspot\bin;C:\Program Files\PlasticSCM5\server;C:\Program Files\PlasticSCM5\client;D:\python36\Scripts\;D:\python36\;D:\python39\Scripts\;D:\python39\;C:\Windows\system32;C:\Windows;C:\Windows\System32\Wbem;C:\Windows\System32\WindowsPowerShell\v1.0\;C:\Windows\System32\OpenSSH\;C:\Program Files (x86)\NVIDIA Corporation\PhysX\Common;C:\Program Files\NVIDIA Corporation\NVIDIA NvDLISR;D:\matlabB\runtime\win64;D:\matlabB\bin;D:\matlabB\polyspace\bin;D:\Xshell7\;D:\Xftp7\;C:\Program Files\dotnet\;C:\Program Files (x86)\GtkSharp\2.12\bin;C:\Program Files\Microsoft SQL Server\150\Tools\Binn\;C:\Program Files\Microsoft SQL Server\Client SDK\ODBC\170\Tools\Binn\;C:\Program Files\Common Files\Autodesk Shared\;D:\nodejs\;C:\Program Files\MySQL\MySQL Server 8.0\bin;D:\TortoiseSVN\bin;D:\texlive\2022\bin\win32;D:\Git\cmd;D:\apache-maven-3.9.4-bin\apache-maven-3.9.4\bin;D:\miniconda;D:\miniconda\Library\mingw-w64\bin;D:\miniconda\Library\usr\bin;D:\miniconda\Library\bin;D:\miniconda\Scripts;C:\Users\19716\AppData\Local\Microsoft\WindowsApps;D:\pycharm\PyCharm Community Edition 2021.2.2\bin;;C:\Users\19716\.dotnet\tools;D:\texlive2018\bin\win32;C:\Users\19716\AppData\Roaming\npm;C:\Users\19716\PycharmProjects\pythonProject\venv\Scripts\python.exe;D:\python39;D:\IntelliJ IDEA 2023.1\bin;;."/>
    <property name="java.vm.info" value="mixed mode, sharing"/>
    <property name="java.vendor" value="Oracle Corporation"/>
    <property name="java.vm.version" value="18.0.1+10-24"/>
    <property name="sun.io.unicode.encoding" value="UnicodeLittle"/>
    <property name="maven.repo.local" value="D:\repository"/>
    <property name="java.class.version" value="62.0"/>
  </properties>
  <testcase name="contextLoads" classname="cn.zzy.MainProgramBootApplicationTests" time="0.286"/>
</testsuite>